<?xml version="1.0" encoding="UTF-8"?>
<!-- Generated by org.testng.reporters.JUnitXMLReporter -->
<testsuite ignored="0" hostname="DESKTOP-377NK29" failures="0" tests="5" name="LoginTests" time="29.377" errors="0" timestamp="2019-11-11T13:48:28 EAT">
  <testcase classname="authentication.LoginTest" name="loginWithAllBlankFields" time="0.001"/>
  <testcase classname="authentication.LoginTest" name="loginWithBlankPassword" time="0.0"/>
  <testcase classname="authentication.LoginTest" name="loginWithWrongPasswordAndEmail" time="0.0"/>
  <testcase classname="authentication.LoginTest" name="loginWithInvalidEmailAddress" time="0.0"/>
  <testcase classname="authentication.LoginTest" name="loginWithValidCredentials" time="4.945"/>
</testsuite> <!-- LoginTests -->
