<?xml version="1.0" encoding="UTF-8"?>
<!-- Generated by org.testng.reporters.JUnitXMLReporter -->
<testsuite ignored="4" hostname="DESKTOP-377NK29" failures="0" tests="1" name="MyLoginTests" time="14.611" errors="0" timestamp="2019-11-11T16:40:44 EAT">
  <testcase classname="authentication.LoginTest" name="loginWithValidCredentials" time="4.42"/>
  <testcase classname="authentication.LoginTest" name="loginWithInvalidEmailAddress" time="0.0">
    <ignored/>
  </testcase> <!-- loginWithInvalidEmailAddress -->
  <testcase classname="authentication.LoginTest" name="loginWithWrongPasswordAndEmail" time="0.0">
    <ignored/>
  </testcase> <!-- loginWithWrongPasswordAndEmail -->
  <testcase classname="authentication.LoginTest" name="loginWithAllBlankFields" time="0.0">
    <ignored/>
  </testcase> <!-- loginWithAllBlankFields -->
  <testcase classname="authentication.LoginTest" name="loginWithBlankPassword" time="0.0">
    <ignored/>
  </testcase> <!-- loginWithBlankPassword -->
</testsuite> <!-- MyLoginTests -->
