<?xml version="1.0" encoding="UTF-8"?>
<!-- Generated by org.testng.reporters.JUnitXMLReporter -->
<testsuite ignored="0" hostname="DESKTOP-377NK29" failures="0" tests="2" name="RegistrationTests" time="26.275" errors="0" timestamp="2019-11-11T13:47:59 EAT">
  <testcase classname="authentication.RegistrationTest" name="registerWithUiqueValidEmailAddess" time="2.319"/>
  <testcase classname="authentication.RegistrationTest" name="createAccountSuccessfullyWithAllRequiredValidData" time="9.172"/>
</testsuite> <!-- RegistrationTests -->
