<?xml version="1.0" encoding="UTF-8"?>
<!-- Generated by org.testng.reporters.JUnitXMLReporter -->
<testsuite ignored="0" hostname="DESKTOP-377NK29" failures="0" tests="2" name="RegistrationTests" time="26.949" errors="0" timestamp="2019-11-11T16:28:14 EAT">
  <testcase classname="authentication.RegistrationTest" name="registerWithUiqueValidEmailAddess" time="2.13"/>
  <testcase classname="authentication.RegistrationTest" name="createAccountSuccessfullyWithAllRequiredValidData" time="9.966"/>
</testsuite> <!-- RegistrationTests -->
