<?xml version="1.0" encoding="UTF-8"?>
<testng-results ignored="0" total="1" passed="1" failed="0" skipped="0">
  <reporter-output>
  </reporter-output>
  <suite started-at="2019-11-15T19:23:05Z" name="Default suite" finished-at="2019-11-15T19:23:58Z" duration-ms="53194">
    <groups>
    </groups>
    <test started-at="2019-11-15T19:23:05Z" name="Default test" finished-at="2019-11-15T19:23:58Z" duration-ms="53194">
      <class name="shopworkflow.SelectClothes">
        <test-method is-config="true" signature="beforeSuite()[pri:0, instance:shopworkflow.SelectClothes@8909f18]" started-at="2019-11-15T19:23:05Z" name="beforeSuite" finished-at="2019-11-15T19:23:05Z" duration-ms="16" status="PASS">
          <reporter-output>
          </reporter-output>
        </test-method> <!-- beforeSuite -->
        <test-method is-config="true" signature="setupWebDriver()[pri:0, instance:shopworkflow.SelectClothes@8909f18]" started-at="2019-11-15T19:23:05Z" name="setupWebDriver" finished-at="2019-11-15T19:23:12Z" duration-ms="6381" status="PASS">
          <reporter-output>
          </reporter-output>
        </test-method> <!-- setupWebDriver -->
        <test-method is-config="true" signature="loadWebApplication()[pri:0, instance:shopworkflow.SelectClothes@8909f18]" started-at="2019-11-15T19:23:12Z" name="loadWebApplication" finished-at="2019-11-15T19:23:27Z" duration-ms="15093" status="PASS">
          <reporter-output>
          </reporter-output>
        </test-method> <!-- loadWebApplication -->
        <test-method is-config="true" signature="beforeClass()[pri:0, instance:shopworkflow.SelectClothes@8909f18]" started-at="2019-11-15T19:23:12Z" name="beforeClass" finished-at="2019-11-15T19:23:12Z" duration-ms="0" status="PASS">
          <reporter-output>
          </reporter-output>
        </test-method> <!-- beforeClass -->
        <test-method signature="selectWomenClothes()[pri:0, instance:shopworkflow.SelectClothes@8909f18]" started-at="2019-11-15T19:23:27Z" name="selectWomenClothes" finished-at="2019-11-15T19:23:57Z" duration-ms="30541" status="PASS">
          <reporter-output>
          </reporter-output>
        </test-method> <!-- selectWomenClothes -->
        <test-method is-config="true" signature="afterMethod()[pri:0, instance:shopworkflow.SelectClothes@8909f18]" started-at="2019-11-15T19:23:57Z" name="afterMethod" finished-at="2019-11-15T19:23:57Z" duration-ms="0" status="PASS">
          <reporter-output>
          </reporter-output>
        </test-method> <!-- afterMethod -->
        <test-method is-config="true" signature="afterClass()[pri:0, instance:shopworkflow.SelectClothes@8909f18]" started-at="2019-11-15T19:23:57Z" name="afterClass" finished-at="2019-11-15T19:23:57Z" duration-ms="0" status="PASS">
          <reporter-output>
          </reporter-output>
        </test-method> <!-- afterClass -->
        <test-method is-config="true" signature="tearDownSuite()[pri:0, instance:shopworkflow.SelectClothes@8909f18]" started-at="2019-11-15T19:23:57Z" name="tearDownSuite" finished-at="2019-11-15T19:23:58Z" duration-ms="1148" status="PASS">
          <reporter-output>
          </reporter-output>
        </test-method> <!-- tearDownSuite -->
        <test-method is-config="true" signature="afterSuite()[pri:0, instance:shopworkflow.SelectClothes@8909f18]" started-at="2019-11-15T19:23:59Z" name="afterSuite" finished-at="2019-11-15T19:23:59Z" duration-ms="0" status="PASS">
          <reporter-output>
          </reporter-output>
        </test-method> <!-- afterSuite -->
      </class> <!-- shopworkflow.SelectClothes -->
    </test> <!-- Default test -->
  </suite> <!-- Default suite -->
</testng-results>
