<?xml version="1.0" encoding="UTF-8"?>
<!-- Generated by org.testng.reporters.JUnitXMLReporter -->
<testsuite ignored="0" hostname="DESKTOP-377NK29" failures="0" tests="5" name="Test" time="32.198" errors="0" timestamp="2019-11-11T13:43:44 EAT">
  <testcase classname="authentication.LoginTest" name="loginWithAllBlankFields" time="0.012"/>
  <testcase classname="authentication.LoginTest" name="loginWithBlankPassword" time="0.001"/>
  <testcase classname="authentication.LoginTest" name="loginWithWrongPasswordAndEmail" time="0.001"/>
  <testcase classname="authentication.LoginTest" name="loginWithInvalidEmailAddress" time="0.0"/>
  <testcase classname="authentication.LoginTest" name="loginWithValidCredentials" time="6.483"/>
</testsuite> <!-- Test -->
