<?xml version="1.0" encoding="UTF-8"?>
<!-- Generated by org.testng.reporters.JUnitXMLReporter -->
<testsuite ignored="0" hostname="DESKTOP-8EROT7V" failures="0" tests="11" name="Default test" time="53.619" errors="0" timestamp="2019-11-25T16:45:43 EAT">
  <testcase classname="shopworkflow.ShopWorkFlowTest" name="displayAllWomenClothes" time="2.601"/>
  <testcase classname="shopworkflow.ShopWorkFlowTest" name="selectCloth1" time="2.828"/>
  <testcase classname="shopworkflow.ShopWorkFlowTest" name="addToCart" time="0.293"/>
  <testcase classname="shopworkflow.ShopWorkFlowTest" name="continueShopping" time="0.584"/>
  <testcase classname="shopworkflow.ShopWorkFlowTest" name="viewDressList" time="6.036"/>
  <testcase classname="shopworkflow.ShopWorkFlowTest" name="shoppingCartSummary" time="5.753"/>
  <testcase classname="shopworkflow.ShopWorkFlowTest" name="Login" time="3.063"/>
  <testcase classname="shopworkflow.ShopWorkFlowTest" name="addressDetails" time="2.798"/>
  <testcase classname="shopworkflow.ShopWorkFlowTest" name="shipping" time="8.809"/>
  <testcase classname="shopworkflow.ShopWorkFlowTest" name="paymentMethods" time="5.866"/>
  <testcase classname="shopworkflow.ShopWorkFlowTest" name="orderSummary" time="0.011"/>
</testsuite> <!-- Default test -->
